[2020-04-27 01:57:55] [info] Start Program:
Path:"C:\\Users\\alexs\\source\\repos\\Lab5\\x64\\Debug\\Lab5.exe"
Arguments:
Working directory: "C:\\Users\\alexs\\source\\repos\\Lab5\\Lab5\\"
Modules: Selected: C:\Users\alexs\source\repos\Lab5\x64\Debug\Lab5.exe Excluded: 
Sources: Selected: C:\Users\alexs\source\repos\Lab5\Lab5 Excluded: 
Log Level: Normal
Cover Children: 0
Aggregate by file: 1
Continue after C++ exception: 0
Optimized build support: 0
Export: binary C:\Users\alexs\AppData\Local\Temp\rpc0ostf.iic 
Input coverage: 
Unified diff: 
Excluded line regular expressions: 
Substitute pdb source paths: 

[2020-04-27 01:57:56] [info] Module: C:\Users\alexs\source\repos\Lab5\x64\Debug\Lab5.exe is selected because it matches selected pattern: C:\Users\alexs\source\repos\Lab5\x64\Debug\Lab5.exe
[2020-04-27 01:57:56] [info] ----------------------------------------------------
[2020-04-27 01:57:56] [info] Coverage binary generated in file: C:\Users\alexs\AppData\Local\Temp\rpc0ostf.iic
[2020-04-27 01:57:56] [info] ----------------------------------------------------
